<?xml version="1.0" encoding="UTF-8"?>
<!-- Generated by org.testng.reporters.JUnitXMLReporter -->
<testsuite ignored="7" hostname="ANIIN1L405097" failures="0" tests="1" name="Amazon-IN-AUT" time="13.075" errors="0" timestamp="31 Aug 2021 08:19:48 GMT">
  <testcase classname="testcases.TC_02_SearchSuggestions" name="verifySearchSuggestions" time="4.257"/>
  <testcase classname="testcases.TC_01_Login" name="loginInvalidId" time="0.0">
    <ignored/>
  </testcase> <!-- loginInvalidId -->
  <testcase classname="testcases.TC_01_Login" name="verifyKeepMeSignedIn" time="0.0">
    <ignored/>
  </testcase> <!-- verifyKeepMeSignedIn -->
  <testcase classname="testcases.TC_01_Login" name="loginInvalidPassword" time="0.0">
    <ignored/>
  </testcase> <!-- loginInvalidPassword -->
  <testcase classname="testcases.TC_01_Login" name="verifyForgotPassword" time="0.0">
    <ignored/>
  </testcase> <!-- verifyForgotPassword -->
  <testcase classname="testcases.TC_01_Login" name="verifyAfterSignOutAccess" time="0.0">
    <ignored/>
  </testcase> <!-- verifyAfterSignOutAccess -->
  <testcase classname="testcases.TC_01_Login" name="loginValid" time="0.0">
    <ignored/>
  </testcase> <!-- loginValid -->
  <testcase classname="testcases.TC_01_Login" name="loginBlankId" time="0.0">
    <ignored/>
  </testcase> <!-- loginBlankId -->
</testsuite> <!-- Amazon-IN-AUT -->
