<?xml version="1.0" encoding="UTF-8"?>
<!-- Generated by org.testng.reporters.JUnitXMLReporter -->
<testsuite ignored="15" hostname="ANIIN1L405097" failures="0" tests="1" name="Test" time="37.222" errors="0" timestamp="11 Sep 2021 03:33:23 GMT">
  <testcase classname="testcases.TC_16_DealsPrevNextButtons" name="dealsPrevNextButtonsWorking" time="28.091"/>
  <testcase classname="testcases.TC_01_LoginValid" name="loginValid" time="0.0">
    <ignored/>
  </testcase> <!-- loginValid -->
  <testcase classname="testcases.TC_07_VerifyAfterSignOutAccess" name="verifyAfterSignOutAccess" time="0.0">
    <ignored/>
  </testcase> <!-- verifyAfterSignOutAccess -->
  <testcase classname="testcases.TC_11_ResultsClickOpensInNewTab" name="resultsClickOpensInNewTab" time="0.0">
    <ignored/>
  </testcase> <!-- resultsClickOpensInNewTab -->
  <testcase classname="testcases.TC_08_WaterTextOfSearchBox" name="waterTextOfSearchBox" time="0.0">
    <ignored/>
  </testcase> <!-- waterTextOfSearchBox -->
  <testcase classname="testcases.TC_02_LoginInvalidId" name="loginInvalidId" time="0.0">
    <ignored/>
  </testcase> <!-- loginInvalidId -->
  <testcase classname="testcases.TC_13_VerifyDeleteFromCart" name="verifyDeleteFromCart" time="0.0">
    <ignored/>
  </testcase> <!-- verifyDeleteFromCart -->
  <testcase classname="testcases.TC_15_VerifyDailyDealsCardDisplay" name="VerifyDailyDealsCardDisplay" time="0.0">
    <ignored/>
  </testcase> <!-- VerifyDailyDealsCardDisplay -->
  <testcase classname="testcases.TC_10_SearchResults" name="verifySearchResults" time="0.0">
    <ignored/>
  </testcase> <!-- verifySearchResults -->
  <testcase classname="testcases.TC_05_VerifyForgotPassword" name="verifyForgotPassword" time="0.0">
    <ignored/>
  </testcase> <!-- verifyForgotPassword -->
  <testcase classname="testcases.TC_09_SearchSuggestions" name="verifySearchSuggestionsCharByChar" time="0.0">
    <ignored/>
  </testcase> <!-- verifySearchSuggestionsCharByChar -->
  <testcase classname="testcases.TC_04_LoginBlankId" name="loginBlankId" time="0.0">
    <ignored/>
  </testcase> <!-- loginBlankId -->
  <testcase classname="testcases.TC_03_LoginInvalidPassword" name="loginInvalidPassword" time="0.0">
    <ignored/>
  </testcase> <!-- loginInvalidPassword -->
  <testcase classname="testcases.TC_14_VerifyAddToWishList" name="verifyAddToWishList" time="0.0">
    <ignored/>
  </testcase> <!-- verifyAddToWishList -->
  <testcase classname="testcases.TC_12_VerifyAddToCart" name="verifyAddToCart" time="0.0">
    <ignored/>
  </testcase> <!-- verifyAddToCart -->
  <testcase classname="testcases.TC_06_VerifyKeepMeSignedIn" name="verifyKeepMeSignedIn" time="0.0">
    <ignored/>
  </testcase> <!-- verifyKeepMeSignedIn -->
</testsuite> <!-- Test -->
