<?xml version="1.0" encoding="UTF-8"?>
<testng-results ignored="0" total="1" passed="1" failed="0" skipped="0">
  <reporter-output>
  </reporter-output>
  <suite started-at="2021-08-29T12:00:02Z" name="Suite" finished-at="2021-08-29T12:00:10Z" duration-ms="8303">
    <groups>
    </groups>
    <test started-at="2021-08-29T12:00:02Z" name="Amazon-IN-AUT" finished-at="2021-08-29T12:00:10Z" duration-ms="8303">
      <class name="testcases.TC_001_LoginTest">
        <test-method is-config="true" signature="setup(java.lang.String)[pri:0, instance:testcases.TC_001_LoginTest@490caf5f]" started-at="2021-08-29T12:00:02Z" name="setup" finished-at="2021-08-29T12:00:08Z" duration-ms="5381" status="PASS">
          <params>
            <param index="0">
              <value>
                <![CDATA[chrome]]>
              </value>
            </param>
          </params>
          <reporter-output>
          </reporter-output>
        </test-method> <!-- setup -->
        <test-method signature="loginTest()[pri:0, instance:testcases.TC_001_LoginTest@490caf5f]" started-at="2021-08-29T12:00:08Z" name="loginTest" finished-at="2021-08-29T12:00:09Z" duration-ms="1739" status="PASS">
          <reporter-output>
          </reporter-output>
        </test-method> <!-- loginTest -->
        <test-method is-config="true" signature="tearDown()[pri:0, instance:testcases.TC_001_LoginTest@490caf5f]" started-at="2021-08-29T12:00:10Z" name="tearDown" finished-at="2021-08-29T12:00:10Z" duration-ms="848" status="PASS">
          <reporter-output>
          </reporter-output>
        </test-method> <!-- tearDown -->
      </class> <!-- testcases.TC_001_LoginTest -->
    </test> <!-- Amazon-IN-AUT -->
  </suite> <!-- Suite -->
</testng-results>
