<?xml version="1.0" encoding="UTF-8"?>
<testng-results ignored="13" total="18" passed="4" failed="1" skipped="0">
  <reporter-output>
  </reporter-output>
  <suite started-at="2021-09-14T16:49:11Z" name="Suite" finished-at="2021-09-14T16:50:47Z" duration-ms="96209">
    <groups>
    </groups>
    <test started-at="2021-09-14T16:49:11Z" name="Test" finished-at="2021-09-14T16:50:47Z" duration-ms="96209">
      <class name="testcases.TC_18_ContactUsFunctionality">
        <test-method is-config="true" signature="setup(java.lang.String)[pri:0, instance:testcases.TC_18_ContactUsFunctionality@5717c37]" started-at="2021-09-14T16:50:10Z" name="setup" finished-at="2021-09-14T16:50:10Z" duration-ms="30" status="PASS">
          <params>
            <param index="0">
              <value>
                <![CDATA[chrome]]>
              </value>
            </param>
          </params>
          <reporter-output>
          </reporter-output>
        </test-method> <!-- setup -->
        <test-method is-config="true" signature="beforeEachTest()[pri:0, instance:testcases.TC_18_ContactUsFunctionality@5717c37]" started-at="2021-09-14T16:50:10Z" name="beforeEachTest" finished-at="2021-09-14T16:50:17Z" duration-ms="6498" status="PASS">
          <reporter-output>
          </reporter-output>
        </test-method> <!-- beforeEachTest -->
        <test-method signature="contactUsFunctionality()[pri:0, instance:testcases.TC_18_ContactUsFunctionality@5717c37]" started-at="2021-09-14T16:50:17Z" name="contactUsFunctionality" description="Verify : All contact us options working" finished-at="2021-09-14T16:50:36Z" duration-ms="18925" status="PASS">
          <reporter-output>
          </reporter-output>
        </test-method> <!-- contactUsFunctionality -->
        <test-method is-config="true" signature="afterEachTest(org.testng.ITestResult)[pri:0, instance:testcases.TC_18_ContactUsFunctionality@5717c37]" started-at="2021-09-14T16:50:36Z" name="afterEachTest" finished-at="2021-09-14T16:50:37Z" duration-ms="1583" status="PASS">
          <params>
            <param index="0">
              <value>
                <![CDATA[[TestResult name=contactUsFunctionality status=SUCCESS method=TC_18_ContactUsFunctionality.contactUsFunctionality()[pri:0, instance:testcases.TC_18_ContactUsFunctionality@5717c37] output={null}]]]>
              </value>
            </param>
          </params>
          <reporter-output>
          </reporter-output>
        </test-method> <!-- afterEachTest -->
        <test-method is-config="true" signature="tearDown()[pri:0, instance:testcases.TC_18_ContactUsFunctionality@5717c37]" started-at="2021-09-14T16:50:37Z" name="tearDown" finished-at="2021-09-14T16:50:37Z" duration-ms="0" status="PASS">
          <reporter-output>
          </reporter-output>
        </test-method> <!-- tearDown -->
      </class> <!-- testcases.TC_18_ContactUsFunctionality -->
      <class name="testcases.TC_14_VerifyAddToWishList">
        <test-method is-config="true" signature="setup(java.lang.String)[pri:0, instance:testcases.TC_14_VerifyAddToWishList@7357a011]" started-at="2021-09-14T16:49:41Z" name="setup" finished-at="2021-09-14T16:49:41Z" duration-ms="27" status="PASS">
          <params>
            <param index="0">
              <value>
                <![CDATA[chrome]]>
              </value>
            </param>
          </params>
          <reporter-output>
          </reporter-output>
        </test-method> <!-- setup -->
        <test-method is-config="true" signature="beforeEachTest()[pri:0, instance:testcases.TC_14_VerifyAddToWishList@7357a011]" started-at="2021-09-14T16:49:41Z" name="beforeEachTest" finished-at="2021-09-14T16:49:48Z" duration-ms="7245" status="PASS">
          <reporter-output>
          </reporter-output>
        </test-method> <!-- beforeEachTest -->
        <test-method signature="verifyAddToWishList()[pri:0, instance:testcases.TC_14_VerifyAddToWishList@7357a011]" started-at="2021-09-14T16:49:48Z" name="verifyAddToWishList" description="Verify : Add to Wish List" finished-at="2021-09-14T16:50:09Z" duration-ms="20575" status="PASS">
          <reporter-output>
          </reporter-output>
        </test-method> <!-- verifyAddToWishList -->
        <test-method is-config="true" signature="afterEachTest(org.testng.ITestResult)[pri:0, instance:testcases.TC_14_VerifyAddToWishList@7357a011]" started-at="2021-09-14T16:50:09Z" name="afterEachTest" finished-at="2021-09-14T16:50:10Z" duration-ms="1327" status="PASS">
          <params>
            <param index="0">
              <value>
                <![CDATA[[TestResult name=verifyAddToWishList status=SUCCESS method=TC_14_VerifyAddToWishList.verifyAddToWishList()[pri:0, instance:testcases.TC_14_VerifyAddToWishList@7357a011] output={null}]]]>
              </value>
            </param>
          </params>
          <reporter-output>
          </reporter-output>
        </test-method> <!-- afterEachTest -->
        <test-method is-config="true" signature="tearDown()[pri:0, instance:testcases.TC_14_VerifyAddToWishList@7357a011]" started-at="2021-09-14T16:50:10Z" name="tearDown" finished-at="2021-09-14T16:50:10Z" duration-ms="0" status="PASS">
          <reporter-output>
          </reporter-output>
        </test-method> <!-- tearDown -->
      </class> <!-- testcases.TC_14_VerifyAddToWishList -->
      <class name="testcases.TC_04_LoginBlankId">
        <test-method is-config="true" signature="setup(java.lang.String)[pri:0, instance:testcases.TC_04_LoginBlankId@2474f125]" started-at="2021-09-14T16:49:29Z" name="setup" finished-at="2021-09-14T16:49:29Z" duration-ms="34" status="PASS">
          <params>
            <param index="0">
              <value>
                <![CDATA[chrome]]>
              </value>
            </param>
          </params>
          <reporter-output>
          </reporter-output>
        </test-method> <!-- setup -->
        <test-method is-config="true" signature="beforeEachTest()[pri:0, instance:testcases.TC_04_LoginBlankId@2474f125]" started-at="2021-09-14T16:49:29Z" name="beforeEachTest" finished-at="2021-09-14T16:49:36Z" duration-ms="6842" status="PASS">
          <reporter-output>
          </reporter-output>
        </test-method> <!-- beforeEachTest -->
        <test-method signature="loginBlankId()[pri:0, instance:testcases.TC_04_LoginBlankId@2474f125]" started-at="2021-09-14T16:49:36Z" name="loginBlankId" description="Verify : Login with fields blank" finished-at="2021-09-14T16:49:39Z" duration-ms="3638" status="FAIL">
          <exception class="java.lang.AssertionError">
            <message>
              <![CDATA[expected [true] but found [false]]]>
            </message>
            <full-stacktrace>
              <![CDATA[java.lang.AssertionError: expected [true] but found [false]
at org.testng.Assert.fail(Assert.java:96)
at org.testng.Assert.failNotEquals(Assert.java:776)
at org.testng.Assert.assertTrue(Assert.java:44)
at org.testng.Assert.assertTrue(Assert.java:54)
at testcases.TC_04_LoginBlankId.loginBlankId(TC_04_LoginBlankId.java:31)
at java.base/jdk.internal.reflect.NativeMethodAccessorImpl.invoke0(Native Method)
at java.base/jdk.internal.reflect.NativeMethodAccessorImpl.invoke(NativeMethodAccessorImpl.java:64)
at java.base/jdk.internal.reflect.DelegatingMethodAccessorImpl.invoke(DelegatingMethodAccessorImpl.java:43)
at java.base/java.lang.reflect.Method.invoke(Method.java:564)
at org.testng.internal.MethodInvocationHelper.invokeMethod(MethodInvocationHelper.java:124)
at org.testng.internal.Invoker.invokeMethod(Invoker.java:583)
at org.testng.internal.Invoker.invokeTestMethod(Invoker.java:719)
at org.testng.internal.Invoker.invokeTestMethods(Invoker.java:989)
at org.testng.internal.TestMethodWorker.invokeTestMethods(TestMethodWorker.java:125)
at org.testng.internal.TestMethodWorker.run(TestMethodWorker.java:109)
at org.testng.TestRunner.privateRun(TestRunner.java:648)
at org.testng.TestRunner.run(TestRunner.java:505)
at org.testng.SuiteRunner.runTest(SuiteRunner.java:455)
at org.testng.SuiteRunner.runSequentially(SuiteRunner.java:450)
at org.testng.SuiteRunner.privateRun(SuiteRunner.java:415)
at org.testng.SuiteRunner.run(SuiteRunner.java:364)
at org.testng.SuiteRunnerWorker.runSuite(SuiteRunnerWorker.java:52)
at org.testng.SuiteRunnerWorker.run(SuiteRunnerWorker.java:84)
at org.testng.TestNG.runSuitesSequentially(TestNG.java:1208)
at org.testng.TestNG.runSuitesLocally(TestNG.java:1137)
at org.testng.TestNG.runSuites(TestNG.java:1049)
at org.testng.TestNG.run(TestNG.java:1017)
at org.testng.remote.AbstractRemoteTestNG.run(AbstractRemoteTestNG.java:115)
at org.testng.remote.RemoteTestNG.initAndRun(RemoteTestNG.java:251)
at org.testng.remote.RemoteTestNG.main(RemoteTestNG.java:77)
]]>
            </full-stacktrace>
          </exception> <!-- java.lang.AssertionError -->
          <reporter-output>
          </reporter-output>
        </test-method> <!-- loginBlankId -->
        <test-method is-config="true" signature="afterEachTest(org.testng.ITestResult)[pri:0, instance:testcases.TC_04_LoginBlankId@2474f125]" started-at="2021-09-14T16:49:40Z" name="afterEachTest" finished-at="2021-09-14T16:49:41Z" duration-ms="1344" status="PASS">
          <params>
            <param index="0">
              <value>
                <![CDATA[[TestResult name=loginBlankId status=FAILURE method=TC_04_LoginBlankId.loginBlankId()[pri:0, instance:testcases.TC_04_LoginBlankId@2474f125] output={null}]]]>
              </value>
            </param>
          </params>
          <reporter-output>
          </reporter-output>
        </test-method> <!-- afterEachTest -->
        <test-method is-config="true" signature="tearDown()[pri:0, instance:testcases.TC_04_LoginBlankId@2474f125]" started-at="2021-09-14T16:49:41Z" name="tearDown" finished-at="2021-09-14T16:49:41Z" duration-ms="0" status="PASS">
          <reporter-output>
          </reporter-output>
        </test-method> <!-- tearDown -->
      </class> <!-- testcases.TC_04_LoginBlankId -->
      <class name="testcases.TC_01_LoginValid">
        <test-method is-config="true" signature="setup(java.lang.String)[pri:0, instance:testcases.TC_01_LoginValid@7e19ebf0]" started-at="2021-09-14T16:49:12Z" name="setup" finished-at="2021-09-14T16:49:12Z" duration-ms="87" status="PASS">
          <params>
            <param index="0">
              <value>
                <![CDATA[chrome]]>
              </value>
            </param>
          </params>
          <reporter-output>
          </reporter-output>
        </test-method> <!-- setup -->
        <test-method is-config="true" signature="beforeEachTest()[pri:0, instance:testcases.TC_01_LoginValid@7e19ebf0]" started-at="2021-09-14T16:49:12Z" name="beforeEachTest" finished-at="2021-09-14T16:49:19Z" duration-ms="7340" status="PASS">
          <reporter-output>
          </reporter-output>
        </test-method> <!-- beforeEachTest -->
        <test-method signature="loginValid()[pri:0, instance:testcases.TC_01_LoginValid@7e19ebf0]" started-at="2021-09-14T16:49:19Z" name="loginValid" description="Verify : Login with valid credentials" finished-at="2021-09-14T16:49:27Z" duration-ms="8152" status="PASS">
          <reporter-output>
          </reporter-output>
        </test-method> <!-- loginValid -->
        <test-method is-config="true" signature="afterEachTest(org.testng.ITestResult)[pri:0, instance:testcases.TC_01_LoginValid@7e19ebf0]" started-at="2021-09-14T16:49:27Z" name="afterEachTest" finished-at="2021-09-14T16:49:29Z" duration-ms="1635" status="PASS">
          <params>
            <param index="0">
              <value>
                <![CDATA[[TestResult name=loginValid status=SUCCESS method=TC_01_LoginValid.loginValid()[pri:0, instance:testcases.TC_01_LoginValid@7e19ebf0] output={null}]]]>
              </value>
            </param>
          </params>
          <reporter-output>
          </reporter-output>
        </test-method> <!-- afterEachTest -->
        <test-method is-config="true" signature="tearDown()[pri:0, instance:testcases.TC_01_LoginValid@7e19ebf0]" started-at="2021-09-14T16:49:29Z" name="tearDown" finished-at="2021-09-14T16:49:29Z" duration-ms="0" status="PASS">
          <reporter-output>
          </reporter-output>
        </test-method> <!-- tearDown -->
      </class> <!-- testcases.TC_01_LoginValid -->
      <class name="testcases.TC_15_VerifyDailyDealsCardDisplay">
        <test-method is-config="true" signature="setup(java.lang.String)[pri:0, instance:testcases.TC_15_VerifyDailyDealsCardDisplay@3406472c]" started-at="2021-09-14T16:50:37Z" name="setup" finished-at="2021-09-14T16:50:37Z" duration-ms="25" status="PASS">
          <params>
            <param index="0">
              <value>
                <![CDATA[chrome]]>
              </value>
            </param>
          </params>
          <reporter-output>
          </reporter-output>
        </test-method> <!-- setup -->
        <test-method is-config="true" signature="beforeEachTest()[pri:0, instance:testcases.TC_15_VerifyDailyDealsCardDisplay@3406472c]" started-at="2021-09-14T16:50:37Z" name="beforeEachTest" finished-at="2021-09-14T16:50:44Z" duration-ms="6396" status="PASS">
          <reporter-output>
          </reporter-output>
        </test-method> <!-- beforeEachTest -->
        <test-method signature="VerifyDailyDealsCardDisplay()[pri:0, instance:testcases.TC_15_VerifyDailyDealsCardDisplay@3406472c]" started-at="2021-09-14T16:50:44Z" name="VerifyDailyDealsCardDisplay" description="Verify : Daily deals cards are displaying on Home page" finished-at="2021-09-14T16:50:45Z" duration-ms="1782" status="PASS">
          <reporter-output>
          </reporter-output>
        </test-method> <!-- VerifyDailyDealsCardDisplay -->
        <test-method is-config="true" signature="afterEachTest(org.testng.ITestResult)[pri:0, instance:testcases.TC_15_VerifyDailyDealsCardDisplay@3406472c]" started-at="2021-09-14T16:50:45Z" name="afterEachTest" finished-at="2021-09-14T16:50:47Z" duration-ms="1927" status="PASS">
          <params>
            <param index="0">
              <value>
                <![CDATA[[TestResult name=VerifyDailyDealsCardDisplay status=SUCCESS method=TC_15_VerifyDailyDealsCardDisplay.VerifyDailyDealsCardDisplay()[pri:0, instance:testcases.TC_15_VerifyDailyDealsCardDisplay@3406472c] output={null}]]]>
              </value>
            </param>
          </params>
          <reporter-output>
          </reporter-output>
        </test-method> <!-- afterEachTest -->
        <test-method is-config="true" signature="tearDown()[pri:0, instance:testcases.TC_15_VerifyDailyDealsCardDisplay@3406472c]" started-at="2021-09-14T16:50:47Z" name="tearDown" finished-at="2021-09-14T16:50:47Z" duration-ms="0" status="PASS">
          <reporter-output>
          </reporter-output>
        </test-method> <!-- tearDown -->
      </class> <!-- testcases.TC_15_VerifyDailyDealsCardDisplay -->
    </test> <!-- Test -->
  </suite> <!-- Suite -->
</testng-results>
