<?xml version="1.0" encoding="UTF-8"?>
<testng-results ignored="19" total="22" passed="3" failed="0" skipped="0">
  <reporter-output>
  </reporter-output>
  <suite started-at="2021-11-04T18:12:18Z" name="Suite" finished-at="2021-11-04T18:14:01Z" duration-ms="103137">
    <groups>
    </groups>
    <test started-at="2021-11-04T18:12:18Z" name="Test" finished-at="2021-11-04T18:14:01Z" duration-ms="103137">
      <class name="testcases.TC_00_LoginDDT">
        <test-method is-config="true" signature="setup(java.lang.String)[pri:0, instance:testcases.TC_00_LoginDDT@5e3d57c7]" started-at="2021-11-04T18:12:18Z" name="setup" finished-at="2021-11-04T18:12:18Z" duration-ms="85" status="PASS">
          <params>
            <param index="0">
              <value>
                <![CDATA[chrome]]>
              </value>
            </param>
          </params>
          <reporter-output>
          </reporter-output>
        </test-method> <!-- setup -->
        <test-method is-config="true" signature="beforeEachTest()[pri:0, instance:testcases.TC_00_LoginDDT@5e3d57c7]" started-at="2021-11-04T18:12:20Z" name="beforeEachTest" finished-at="2021-11-04T18:12:28Z" duration-ms="8125" status="PASS">
          <reporter-output>
          </reporter-output>
        </test-method> <!-- beforeEachTest -->
        <test-method signature="loginDDT(java.lang.String, java.lang.String)[pri:0, instance:testcases.TC_00_LoginDDT@5e3d57c7]" started-at="2021-11-04T18:12:28Z" name="loginDDT" description="Data Driven Testing for Login" data-provider="LoginData" finished-at="2021-11-04T18:13:01Z" duration-ms="33266" status="PASS">
          <params>
            <param index="0">
              <value>
                <![CDATA[8733806144]]>
              </value>
            </param>
            <param index="1">
              <value>
                <![CDATA[QA@automation]]>
              </value>
            </param>
          </params>
          <reporter-output>
          </reporter-output>
        </test-method> <!-- loginDDT -->
        <test-method is-config="true" signature="afterEachTest(org.testng.ITestResult)[pri:0, instance:testcases.TC_00_LoginDDT@5e3d57c7]" started-at="2021-11-04T18:13:01Z" name="afterEachTest" finished-at="2021-11-04T18:13:03Z" duration-ms="1378" status="PASS">
          <params>
            <param index="0">
              <value>
                <![CDATA[[TestResult name=loginDDT status=SUCCESS method=TC_00_LoginDDT.loginDDT(java.lang.String, java.lang.String)[pri:0, instance:testcases.TC_00_LoginDDT@5e3d57c7] output={null}]]]>
              </value>
            </param>
          </params>
          <reporter-output>
          </reporter-output>
        </test-method> <!-- afterEachTest -->
        <test-method is-config="true" signature="beforeEachTest()[pri:0, instance:testcases.TC_00_LoginDDT@5e3d57c7]" started-at="2021-11-04T18:13:03Z" name="beforeEachTest" finished-at="2021-11-04T18:13:11Z" duration-ms="8248" status="PASS">
          <reporter-output>
          </reporter-output>
        </test-method> <!-- beforeEachTest -->
        <test-method signature="loginDDT(java.lang.String, java.lang.String)[pri:0, instance:testcases.TC_00_LoginDDT@5e3d57c7]" started-at="2021-11-04T18:13:11Z" name="loginDDT" description="Data Driven Testing for Login" data-provider="LoginData" finished-at="2021-11-04T18:13:46Z" duration-ms="35562" status="PASS">
          <params>
            <param index="0">
              <value>
                <![CDATA[8733806144]]>
              </value>
            </param>
            <param index="1">
              <value>
                <![CDATA[invalid]]>
              </value>
            </param>
          </params>
          <reporter-output>
          </reporter-output>
        </test-method> <!-- loginDDT -->
        <test-method is-config="true" signature="afterEachTest(org.testng.ITestResult)[pri:0, instance:testcases.TC_00_LoginDDT@5e3d57c7]" started-at="2021-11-04T18:13:46Z" name="afterEachTest" finished-at="2021-11-04T18:13:48Z" duration-ms="1422" status="PASS">
          <params>
            <param index="0">
              <value>
                <![CDATA[[TestResult name=loginDDT status=SUCCESS method=TC_00_LoginDDT.loginDDT(java.lang.String, java.lang.String)[pri:0, instance:testcases.TC_00_LoginDDT@5e3d57c7] output={null}]]]>
              </value>
            </param>
          </params>
          <reporter-output>
          </reporter-output>
        </test-method> <!-- afterEachTest -->
        <test-method is-config="true" signature="beforeEachTest()[pri:0, instance:testcases.TC_00_LoginDDT@5e3d57c7]" started-at="2021-11-04T18:13:48Z" name="beforeEachTest" finished-at="2021-11-04T18:13:56Z" duration-ms="8363" status="PASS">
          <reporter-output>
          </reporter-output>
        </test-method> <!-- beforeEachTest -->
        <test-method signature="loginDDT(java.lang.String, java.lang.String)[pri:0, instance:testcases.TC_00_LoginDDT@5e3d57c7]" started-at="2021-11-04T18:13:56Z" name="loginDDT" description="Data Driven Testing for Login" data-provider="LoginData" finished-at="2021-11-04T18:14:00Z" duration-ms="3498" status="PASS">
          <params>
            <param index="0">
              <value>
                <![CDATA[invalid]]>
              </value>
            </param>
            <param index="1">
              <value>
                <![CDATA[invalid]]>
              </value>
            </param>
          </params>
          <reporter-output>
          </reporter-output>
        </test-method> <!-- loginDDT -->
        <test-method is-config="true" signature="afterEachTest(org.testng.ITestResult)[pri:0, instance:testcases.TC_00_LoginDDT@5e3d57c7]" started-at="2021-11-04T18:14:00Z" name="afterEachTest" finished-at="2021-11-04T18:14:01Z" duration-ms="1286" status="PASS">
          <params>
            <param index="0">
              <value>
                <![CDATA[[TestResult name=loginDDT status=SUCCESS method=TC_00_LoginDDT.loginDDT(java.lang.String, java.lang.String)[pri:0, instance:testcases.TC_00_LoginDDT@5e3d57c7] output={null}]]]>
              </value>
            </param>
          </params>
          <reporter-output>
          </reporter-output>
        </test-method> <!-- afterEachTest -->
      </class> <!-- testcases.TC_00_LoginDDT -->
    </test> <!-- Test -->
  </suite> <!-- Suite -->
</testng-results>
