<?xml version="1.0" encoding="UTF-8"?>
<testng-results ignored="10" total="11" passed="1" failed="0" skipped="0">
  <reporter-output>
  </reporter-output>
  <suite started-at="2021-08-31T15:55:28Z" name="Suite" finished-at="2021-08-31T15:55:40Z" duration-ms="11437">
    <groups>
    </groups>
    <test started-at="2021-08-31T15:55:28Z" name="Test" finished-at="2021-08-31T15:55:40Z" duration-ms="11437">
      <class name="testcases.TC_11_ResultsClickOpensInNewTab">
        <test-method is-config="true" signature="setup(java.lang.String)[pri:0, instance:testcases.TC_11_ResultsClickOpensInNewTab@5be49b60]" started-at="2021-08-31T15:55:29Z" name="setup" finished-at="2021-08-31T15:55:29Z" duration-ms="85" status="PASS">
          <params>
            <param index="0">
              <value>
                <![CDATA[chrome]]>
              </value>
            </param>
          </params>
          <reporter-output>
          </reporter-output>
        </test-method> <!-- setup -->
        <test-method is-config="true" signature="beforeEachTest()[pri:0, instance:testcases.TC_11_ResultsClickOpensInNewTab@5be49b60]" started-at="2021-08-31T15:55:29Z" name="beforeEachTest" finished-at="2021-08-31T15:55:35Z" duration-ms="5834" status="PASS">
          <reporter-output>
          </reporter-output>
        </test-method> <!-- beforeEachTest -->
        <test-method signature="resultsClickOpensInNewTab()[pri:0, instance:testcases.TC_11_ResultsClickOpensInNewTab@5be49b60]" started-at="2021-08-31T15:55:35Z" name="resultsClickOpensInNewTab" finished-at="2021-08-31T15:55:40Z" duration-ms="5174" status="PASS">
          <reporter-output>
          </reporter-output>
        </test-method> <!-- resultsClickOpensInNewTab -->
        <test-method is-config="true" signature="afterEachTest()[pri:0, instance:testcases.TC_11_ResultsClickOpensInNewTab@5be49b60]" started-at="2021-08-31T15:55:40Z" name="afterEachTest" finished-at="2021-08-31T15:55:40Z" duration-ms="0" status="PASS">
          <reporter-output>
          </reporter-output>
        </test-method> <!-- afterEachTest -->
        <test-method is-config="true" signature="tearDown()[pri:0, instance:testcases.TC_11_ResultsClickOpensInNewTab@5be49b60]" started-at="2021-08-31T15:55:40Z" name="tearDown" finished-at="2021-08-31T15:55:40Z" duration-ms="0" status="PASS">
          <reporter-output>
          </reporter-output>
        </test-method> <!-- tearDown -->
      </class> <!-- testcases.TC_11_ResultsClickOpensInNewTab -->
    </test> <!-- Test -->
  </suite> <!-- Suite -->
</testng-results>
