<?xml version="1.0" encoding="UTF-8"?>
<testng-results ignored="14" total="15" passed="1" failed="0" skipped="0">
  <reporter-output>
  </reporter-output>
  <suite started-at="2021-09-09T14:37:02Z" name="Suite" finished-at="2021-09-09T14:37:18Z" duration-ms="15655">
    <groups>
    </groups>
    <test started-at="2021-09-09T14:37:02Z" name="Test" finished-at="2021-09-09T14:37:18Z" duration-ms="15655">
      <class name="testcases.TC_15_VerifyDailyDealsCardDisplay">
        <test-method is-config="true" signature="setup(java.lang.String)[pri:0, instance:testcases.TC_15_VerifyDailyDealsCardDisplay@6cb6decd]" started-at="2021-09-09T14:37:02Z" name="setup" finished-at="2021-09-09T14:37:03Z" duration-ms="188" status="PASS">
          <params>
            <param index="0">
              <value>
                <![CDATA[chrome]]>
              </value>
            </param>
          </params>
          <reporter-output>
          </reporter-output>
        </test-method> <!-- setup -->
        <test-method is-config="true" signature="beforeEachTest()[pri:0, instance:testcases.TC_15_VerifyDailyDealsCardDisplay@6cb6decd]" started-at="2021-09-09T14:37:03Z" name="beforeEachTest" finished-at="2021-09-09T14:37:14Z" duration-ms="11803" status="PASS">
          <reporter-output>
          </reporter-output>
        </test-method> <!-- beforeEachTest -->
        <test-method signature="VerifyDailyDealsCardDisplay()[pri:0, instance:testcases.TC_15_VerifyDailyDealsCardDisplay@6cb6decd]" started-at="2021-09-09T14:37:14Z" name="VerifyDailyDealsCardDisplay" description="Verifying : Daily deals cards are displaying on Home page" finished-at="2021-09-09T14:37:16Z" duration-ms="1257" status="PASS">
          <reporter-output>
          </reporter-output>
        </test-method> <!-- VerifyDailyDealsCardDisplay -->
        <test-method is-config="true" signature="afterEachTest()[pri:0, instance:testcases.TC_15_VerifyDailyDealsCardDisplay@6cb6decd]" started-at="2021-09-09T14:37:16Z" name="afterEachTest" finished-at="2021-09-09T14:37:18Z" duration-ms="1788" status="PASS">
          <reporter-output>
          </reporter-output>
        </test-method> <!-- afterEachTest -->
        <test-method is-config="true" signature="tearDown()[pri:0, instance:testcases.TC_15_VerifyDailyDealsCardDisplay@6cb6decd]" started-at="2021-09-09T14:37:18Z" name="tearDown" finished-at="2021-09-09T14:37:18Z" duration-ms="1" status="PASS">
          <reporter-output>
          </reporter-output>
        </test-method> <!-- tearDown -->
      </class> <!-- testcases.TC_15_VerifyDailyDealsCardDisplay -->
    </test> <!-- Test -->
  </suite> <!-- Suite -->
</testng-results>
