<?xml version="1.0" encoding="UTF-8"?>
<testng-results ignored="0" total="1" passed="1" failed="0" skipped="0">
  <reporter-output>
  </reporter-output>
  <suite started-at="2021-08-29T09:11:25Z" name="Default suite" finished-at="2021-08-29T09:11:34Z" duration-ms="8775">
    <groups>
    </groups>
    <test started-at="2021-08-29T09:11:25Z" name="Default test" finished-at="2021-08-29T09:11:34Z" duration-ms="8775">
      <class name="testcases.TC_001_LoginTest">
        <test-method is-config="true" signature="setup()[pri:0, instance:testcases.TC_001_LoginTest@125290e5]" started-at="2021-08-29T09:11:25Z" name="setup" finished-at="2021-08-29T09:11:31Z" duration-ms="5998" status="PASS">
          <reporter-output>
          </reporter-output>
        </test-method> <!-- setup -->
        <test-method signature="f()[pri:0, instance:testcases.TC_001_LoginTest@125290e5]" started-at="2021-08-29T09:11:31Z" name="f" finished-at="2021-08-29T09:11:33Z" duration-ms="1664" status="PASS">
          <reporter-output>
          </reporter-output>
        </test-method> <!-- f -->
        <test-method is-config="true" signature="tearDown()[pri:0, instance:testcases.TC_001_LoginTest@125290e5]" started-at="2021-08-29T09:11:33Z" name="tearDown" finished-at="2021-08-29T09:11:34Z" duration-ms="1072" status="PASS">
          <reporter-output>
          </reporter-output>
        </test-method> <!-- tearDown -->
      </class> <!-- testcases.TC_001_LoginTest -->
    </test> <!-- Default test -->
  </suite> <!-- Default suite -->
</testng-results>
