<?xml version="1.0" encoding="UTF-8"?>
<testng-results ignored="17" total="18" passed="1" failed="0" skipped="0">
  <reporter-output>
  </reporter-output>
  <suite started-at="2021-10-06T15:33:49Z" name="Suite" finished-at="2021-10-06T15:34:40Z" duration-ms="51212">
    <groups>
    </groups>
    <test started-at="2021-10-06T15:33:49Z" name="Test" finished-at="2021-10-06T15:34:40Z" duration-ms="51212">
      <class name="testcases.TC_19_CategoriesInSearchBox">
        <test-method is-config="true" signature="setup(java.lang.String)[pri:0, instance:testcases.TC_19_CategoriesInSearchBox@7e19ebf0]" started-at="2021-10-06T15:33:49Z" name="setup" finished-at="2021-10-06T15:33:49Z" duration-ms="89" status="PASS">
          <params>
            <param index="0">
              <value>
                <![CDATA[chrome-headless]]>
              </value>
            </param>
          </params>
          <reporter-output>
          </reporter-output>
        </test-method> <!-- setup -->
        <test-method is-config="true" signature="beforeEachTest()[pri:0, instance:testcases.TC_19_CategoriesInSearchBox@7e19ebf0]" started-at="2021-10-06T15:33:49Z" name="beforeEachTest" finished-at="2021-10-06T15:33:59Z" duration-ms="9169" status="PASS">
          <reporter-output>
          </reporter-output>
        </test-method> <!-- beforeEachTest -->
        <test-method signature="categoriesInSearchBox()[pri:0, instance:testcases.TC_19_CategoriesInSearchBox@7e19ebf0]" started-at="2021-10-06T15:33:59Z" name="categoriesInSearchBox" description="Verify dropdown for categories in search box working or not" finished-at="2021-10-06T15:34:39Z" duration-ms="40585" status="PASS">
          <reporter-output>
          </reporter-output>
        </test-method> <!-- categoriesInSearchBox -->
        <test-method is-config="true" signature="afterEachTest(org.testng.ITestResult)[pri:0, instance:testcases.TC_19_CategoriesInSearchBox@7e19ebf0]" started-at="2021-10-06T15:34:39Z" name="afterEachTest" finished-at="2021-10-06T15:34:40Z" duration-ms="985" status="PASS">
          <params>
            <param index="0">
              <value>
                <![CDATA[[TestResult name=categoriesInSearchBox status=SUCCESS method=TC_19_CategoriesInSearchBox.categoriesInSearchBox()[pri:0, instance:testcases.TC_19_CategoriesInSearchBox@7e19ebf0] output={null}]]]>
              </value>
            </param>
          </params>
          <reporter-output>
          </reporter-output>
        </test-method> <!-- afterEachTest -->
      </class> <!-- testcases.TC_19_CategoriesInSearchBox -->
    </test> <!-- Test -->
  </suite> <!-- Suite -->
</testng-results>
