<?xml version="1.0" encoding="UTF-8"?>
<testng-results ignored="0" total="1" passed="1" failed="0" skipped="0">
  <reporter-output>
  </reporter-output>
  <suite started-at="2021-08-29T09:39:44Z" name="Default suite" finished-at="2021-08-29T09:39:54Z" duration-ms="10492">
    <groups>
    </groups>
    <test started-at="2021-08-29T09:39:44Z" name="Default test" finished-at="2021-08-29T09:39:54Z" duration-ms="10492">
      <class name="testcases.TC_001_LoginTest">
        <test-method is-config="true" signature="setup()[pri:0, instance:testcases.TC_001_LoginTest@125290e5]" started-at="2021-08-29T09:39:44Z" name="setup" finished-at="2021-08-29T09:39:51Z" duration-ms="7517" status="PASS">
          <reporter-output>
          </reporter-output>
        </test-method> <!-- setup -->
        <test-method signature="f()[pri:0, instance:testcases.TC_001_LoginTest@125290e5]" started-at="2021-08-29T09:39:51Z" name="f" finished-at="2021-08-29T09:39:53Z" duration-ms="2085" status="PASS">
          <reporter-output>
          </reporter-output>
        </test-method> <!-- f -->
        <test-method is-config="true" signature="tearDown()[pri:0, instance:testcases.TC_001_LoginTest@125290e5]" started-at="2021-08-29T09:39:53Z" name="tearDown" finished-at="2021-08-29T09:39:54Z" duration-ms="852" status="PASS">
          <reporter-output>
          </reporter-output>
        </test-method> <!-- tearDown -->
      </class> <!-- testcases.TC_001_LoginTest -->
    </test> <!-- Default test -->
  </suite> <!-- Default suite -->
</testng-results>
