<?xml version="1.0" encoding="UTF-8"?>
<testng-results ignored="9" total="13" passed="4" failed="0" skipped="0">
  <reporter-output>
  </reporter-output>
  <suite started-at="2021-09-06T14:10:30Z" name="Suite" finished-at="2021-09-06T14:12:04Z" duration-ms="94541">
    <groups>
    </groups>
    <test started-at="2021-09-06T14:10:30Z" name="Test" finished-at="2021-09-06T14:12:04Z" duration-ms="94541">
      <class name="testcases.TC_02_LoginInvalidId">
        <test-method is-config="true" signature="setup(java.lang.String)[pri:0, instance:testcases.TC_02_LoginInvalidId@662706a7]" started-at="2021-09-06T14:10:30Z" name="setup" finished-at="2021-09-06T14:10:30Z" duration-ms="91" status="PASS">
          <params>
            <param index="0">
              <value>
                <![CDATA[chrome]]>
              </value>
            </param>
          </params>
          <reporter-output>
          </reporter-output>
        </test-method> <!-- setup -->
        <test-method is-config="true" signature="beforeEachTest()[pri:0, instance:testcases.TC_02_LoginInvalidId@662706a7]" started-at="2021-09-06T14:10:30Z" name="beforeEachTest" finished-at="2021-09-06T14:10:38Z" duration-ms="8012" status="PASS">
          <reporter-output>
          </reporter-output>
        </test-method> <!-- beforeEachTest -->
        <test-method signature="loginInvalidId()[pri:0, instance:testcases.TC_02_LoginInvalidId@662706a7]" started-at="2021-09-06T14:10:38Z" name="loginInvalidId" description="Login with Invalid ID" finished-at="2021-09-06T14:10:43Z" duration-ms="4415" status="PASS">
          <reporter-output>
          </reporter-output>
        </test-method> <!-- loginInvalidId -->
        <test-method is-config="true" signature="afterEachTest()[pri:0, instance:testcases.TC_02_LoginInvalidId@662706a7]" started-at="2021-09-06T14:10:43Z" name="afterEachTest" finished-at="2021-09-06T14:10:44Z" duration-ms="951" status="PASS">
          <reporter-output>
          </reporter-output>
        </test-method> <!-- afterEachTest -->
        <test-method is-config="true" signature="tearDown()[pri:0, instance:testcases.TC_02_LoginInvalidId@662706a7]" started-at="2021-09-06T14:10:44Z" name="tearDown" finished-at="2021-09-06T14:10:44Z" duration-ms="1" status="PASS">
          <reporter-output>
          </reporter-output>
        </test-method> <!-- tearDown -->
      </class> <!-- testcases.TC_02_LoginInvalidId -->
      <class name="testcases.TC_09_SearchSuggestions">
        <test-method is-config="true" signature="setup(java.lang.String)[pri:0, instance:testcases.TC_09_SearchSuggestions@16b2bb0c]" started-at="2021-09-06T14:10:44Z" name="setup" finished-at="2021-09-06T14:10:44Z" duration-ms="5" status="PASS">
          <params>
            <param index="0">
              <value>
                <![CDATA[chrome]]>
              </value>
            </param>
          </params>
          <reporter-output>
          </reporter-output>
        </test-method> <!-- setup -->
        <test-method is-config="true" signature="beforeEachTest()[pri:0, instance:testcases.TC_09_SearchSuggestions@16b2bb0c]" started-at="2021-09-06T14:10:44Z" name="beforeEachTest" finished-at="2021-09-06T14:10:53Z" duration-ms="8881" status="PASS">
          <reporter-output>
          </reporter-output>
        </test-method> <!-- beforeEachTest -->
        <test-method signature="verifySearchSuggestionsCharByChar()[pri:0, instance:testcases.TC_09_SearchSuggestions@16b2bb0c]" started-at="2021-09-06T14:10:53Z" name="verifySearchSuggestionsCharByChar" description="Verify : Seach suggestions characters by characters" finished-at="2021-09-06T14:11:11Z" duration-ms="18648" status="PASS">
          <reporter-output>
          </reporter-output>
        </test-method> <!-- verifySearchSuggestionsCharByChar -->
        <test-method is-config="true" signature="afterEachTest()[pri:0, instance:testcases.TC_09_SearchSuggestions@16b2bb0c]" started-at="2021-09-06T14:11:11Z" name="afterEachTest" finished-at="2021-09-06T14:11:12Z" duration-ms="830" status="PASS">
          <reporter-output>
          </reporter-output>
        </test-method> <!-- afterEachTest -->
        <test-method is-config="true" signature="tearDown()[pri:0, instance:testcases.TC_09_SearchSuggestions@16b2bb0c]" started-at="2021-09-06T14:11:12Z" name="tearDown" finished-at="2021-09-06T14:11:12Z" duration-ms="0" status="PASS">
          <reporter-output>
          </reporter-output>
        </test-method> <!-- tearDown -->
      </class> <!-- testcases.TC_09_SearchSuggestions -->
      <class name="testcases.TC_03_LoginInvalidPassword">
        <test-method is-config="true" signature="setup(java.lang.String)[pri:0, instance:testcases.TC_03_LoginInvalidPassword@45a4b042]" started-at="2021-09-06T14:11:50Z" name="setup" finished-at="2021-09-06T14:11:50Z" duration-ms="3" status="PASS">
          <params>
            <param index="0">
              <value>
                <![CDATA[chrome]]>
              </value>
            </param>
          </params>
          <reporter-output>
          </reporter-output>
        </test-method> <!-- setup -->
        <test-method is-config="true" signature="beforeEachTest()[pri:0, instance:testcases.TC_03_LoginInvalidPassword@45a4b042]" started-at="2021-09-06T14:11:50Z" name="beforeEachTest" finished-at="2021-09-06T14:11:57Z" duration-ms="7211" status="PASS">
          <reporter-output>
          </reporter-output>
        </test-method> <!-- beforeEachTest -->
        <test-method signature="loginInvalidPassword()[pri:0, instance:testcases.TC_03_LoginInvalidPassword@45a4b042]" started-at="2021-09-06T14:11:57Z" name="loginInvalidPassword" description="Login with Invalid Password" finished-at="2021-09-06T14:12:03Z" duration-ms="6285" status="PASS">
          <reporter-output>
          </reporter-output>
        </test-method> <!-- loginInvalidPassword -->
        <test-method is-config="true" signature="afterEachTest()[pri:0, instance:testcases.TC_03_LoginInvalidPassword@45a4b042]" started-at="2021-09-06T14:12:03Z" name="afterEachTest" finished-at="2021-09-06T14:12:04Z" duration-ms="911" status="PASS">
          <reporter-output>
          </reporter-output>
        </test-method> <!-- afterEachTest -->
        <test-method is-config="true" signature="tearDown()[pri:0, instance:testcases.TC_03_LoginInvalidPassword@45a4b042]" started-at="2021-09-06T14:12:04Z" name="tearDown" finished-at="2021-09-06T14:12:04Z" duration-ms="0" status="PASS">
          <reporter-output>
          </reporter-output>
        </test-method> <!-- tearDown -->
      </class> <!-- testcases.TC_03_LoginInvalidPassword -->
      <class name="testcases.TC_13_VerifyDeleteFromCart">
        <test-method is-config="true" signature="setup(java.lang.String)[pri:0, instance:testcases.TC_13_VerifyDeleteFromCart@327af41b]" started-at="2021-09-06T14:11:12Z" name="setup" finished-at="2021-09-06T14:11:12Z" duration-ms="5" status="PASS">
          <params>
            <param index="0">
              <value>
                <![CDATA[chrome]]>
              </value>
            </param>
          </params>
          <reporter-output>
          </reporter-output>
        </test-method> <!-- setup -->
        <test-method is-config="true" signature="beforeEachTest()[pri:0, instance:testcases.TC_13_VerifyDeleteFromCart@327af41b]" started-at="2021-09-06T14:11:12Z" name="beforeEachTest" finished-at="2021-09-06T14:11:22Z" duration-ms="10073" status="PASS">
          <reporter-output>
          </reporter-output>
        </test-method> <!-- beforeEachTest -->
        <test-method signature="verifyDeleteFromCart()[pri:0, instance:testcases.TC_13_VerifyDeleteFromCart@327af41b]" started-at="2021-09-06T14:11:22Z" name="verifyDeleteFromCart" description="Verify : Deleting from Cart" finished-at="2021-09-06T14:11:49Z" duration-ms="26731" status="PASS">
          <reporter-output>
          </reporter-output>
        </test-method> <!-- verifyDeleteFromCart -->
        <test-method is-config="true" signature="afterEachTest()[pri:0, instance:testcases.TC_13_VerifyDeleteFromCart@327af41b]" started-at="2021-09-06T14:11:49Z" name="afterEachTest" finished-at="2021-09-06T14:11:50Z" duration-ms="1067" status="PASS">
          <reporter-output>
          </reporter-output>
        </test-method> <!-- afterEachTest -->
        <test-method is-config="true" signature="tearDown()[pri:0, instance:testcases.TC_13_VerifyDeleteFromCart@327af41b]" started-at="2021-09-06T14:11:50Z" name="tearDown" finished-at="2021-09-06T14:11:50Z" duration-ms="0" status="PASS">
          <reporter-output>
          </reporter-output>
        </test-method> <!-- tearDown -->
      </class> <!-- testcases.TC_13_VerifyDeleteFromCart -->
    </test> <!-- Test -->
  </suite> <!-- Suite -->
</testng-results>
