<?xml version="1.0" encoding="UTF-8"?>
<testng-results ignored="12" total="13" passed="1" failed="0" skipped="0">
  <reporter-output>
  </reporter-output>
  <suite started-at="2021-09-03T15:55:16Z" name="Suite" finished-at="2021-09-03T15:55:40Z" duration-ms="24427">
    <groups>
    </groups>
    <test started-at="2021-09-03T15:55:16Z" name="Test" finished-at="2021-09-03T15:55:40Z" duration-ms="24427">
      <class name="testcases.TC_13_VerifyDeleteFromCart">
        <test-method is-config="true" signature="setup(java.lang.String)[pri:0, instance:testcases.TC_13_VerifyDeleteFromCart@662706a7]" started-at="2021-09-03T15:55:16Z" name="setup" finished-at="2021-09-03T15:55:16Z" duration-ms="92" status="PASS">
          <params>
            <param index="0">
              <value>
                <![CDATA[chrome]]>
              </value>
            </param>
          </params>
          <reporter-output>
          </reporter-output>
        </test-method> <!-- setup -->
        <test-method is-config="true" signature="beforeEachTest()[pri:0, instance:testcases.TC_13_VerifyDeleteFromCart@662706a7]" started-at="2021-09-03T15:55:16Z" name="beforeEachTest" finished-at="2021-09-03T15:55:23Z" duration-ms="7033" status="PASS">
          <reporter-output>
          </reporter-output>
        </test-method> <!-- beforeEachTest -->
        <test-method signature="verifyDeleteFromCart()[pri:0, instance:testcases.TC_13_VerifyDeleteFromCart@662706a7]" started-at="2021-09-03T15:55:23Z" name="verifyDeleteFromCart" finished-at="2021-09-03T15:55:39Z" duration-ms="16004" status="PASS">
          <reporter-output>
          </reporter-output>
        </test-method> <!-- verifyDeleteFromCart -->
        <test-method is-config="true" signature="afterEachTest()[pri:0, instance:testcases.TC_13_VerifyDeleteFromCart@662706a7]" started-at="2021-09-03T15:55:39Z" name="afterEachTest" finished-at="2021-09-03T15:55:40Z" duration-ms="947" status="PASS">
          <reporter-output>
          </reporter-output>
        </test-method> <!-- afterEachTest -->
        <test-method is-config="true" signature="tearDown()[pri:0, instance:testcases.TC_13_VerifyDeleteFromCart@662706a7]" started-at="2021-09-03T15:55:40Z" name="tearDown" finished-at="2021-09-03T15:55:40Z" duration-ms="0" status="PASS">
          <reporter-output>
          </reporter-output>
        </test-method> <!-- tearDown -->
      </class> <!-- testcases.TC_13_VerifyDeleteFromCart -->
    </test> <!-- Test -->
  </suite> <!-- Suite -->
</testng-results>
