<?xml version="1.0" encoding="UTF-8"?>
<testng-results ignored="17" total="18" passed="1" failed="0" skipped="0">
  <reporter-output>
  </reporter-output>
  <suite started-at="2021-09-13T15:49:32Z" name="Suite" finished-at="2021-09-13T15:50:03Z" duration-ms="31171">
    <groups>
    </groups>
    <test started-at="2021-09-13T15:49:32Z" name="Test" finished-at="2021-09-13T15:50:03Z" duration-ms="31171">
      <class name="testcases.TC_18_ContactUsFunctionality">
        <test-method is-config="true" signature="setup(java.lang.String)[pri:0, instance:testcases.TC_18_ContactUsFunctionality@7e19ebf0]" started-at="2021-09-13T15:49:32Z" name="setup" finished-at="2021-09-13T15:49:32Z" duration-ms="84" status="PASS">
          <params>
            <param index="0">
              <value>
                <![CDATA[chrome]]>
              </value>
            </param>
          </params>
          <reporter-output>
          </reporter-output>
        </test-method> <!-- setup -->
        <test-method is-config="true" signature="beforeEachTest()[pri:0, instance:testcases.TC_18_ContactUsFunctionality@7e19ebf0]" started-at="2021-09-13T15:49:32Z" name="beforeEachTest" finished-at="2021-09-13T15:49:42Z" duration-ms="9325" status="PASS">
          <reporter-output>
          </reporter-output>
        </test-method> <!-- beforeEachTest -->
        <test-method signature="contactUsFunctionality()[pri:0, instance:testcases.TC_18_ContactUsFunctionality@7e19ebf0]" started-at="2021-09-13T15:49:42Z" name="contactUsFunctionality" description="Verify all contact us options working" finished-at="2021-09-13T15:50:01Z" duration-ms="19757" status="PASS">
          <reporter-output>
          </reporter-output>
        </test-method> <!-- contactUsFunctionality -->
        <test-method is-config="true" signature="afterEachTest()[pri:0, instance:testcases.TC_18_ContactUsFunctionality@7e19ebf0]" started-at="2021-09-13T15:50:01Z" name="afterEachTest" finished-at="2021-09-13T15:50:03Z" duration-ms="1640" status="PASS">
          <reporter-output>
          </reporter-output>
        </test-method> <!-- afterEachTest -->
        <test-method is-config="true" signature="tearDown()[pri:0, instance:testcases.TC_18_ContactUsFunctionality@7e19ebf0]" started-at="2021-09-13T15:50:03Z" name="tearDown" finished-at="2021-09-13T15:50:03Z" duration-ms="0" status="PASS">
          <reporter-output>
          </reporter-output>
        </test-method> <!-- tearDown -->
      </class> <!-- testcases.TC_18_ContactUsFunctionality -->
    </test> <!-- Test -->
  </suite> <!-- Suite -->
</testng-results>
