<?xml version="1.0" encoding="UTF-8"?>
<testng-results ignored="0" total="1" passed="1" failed="0" skipped="0">
  <reporter-output>
  </reporter-output>
  <suite started-at="2021-08-29T10:10:50Z" name="Default suite" finished-at="2021-08-29T10:10:59Z" duration-ms="8495">
    <groups>
    </groups>
    <test started-at="2021-08-29T10:10:50Z" name="Default test" finished-at="2021-08-29T10:10:59Z" duration-ms="8495">
      <class name="testcases.TC_001_LoginTest">
        <test-method is-config="true" signature="setup()[pri:0, instance:testcases.TC_001_LoginTest@490caf5f]" started-at="2021-08-29T10:10:50Z" name="setup" finished-at="2021-08-29T10:10:56Z" duration-ms="5921" status="PASS">
          <reporter-output>
          </reporter-output>
        </test-method> <!-- setup -->
        <test-method signature="loginTest()[pri:0, instance:testcases.TC_001_LoginTest@490caf5f]" started-at="2021-08-29T10:10:56Z" name="loginTest" finished-at="2021-08-29T10:10:58Z" duration-ms="1601" status="PASS">
          <reporter-output>
          </reporter-output>
        </test-method> <!-- loginTest -->
        <test-method is-config="true" signature="tearDown()[pri:0, instance:testcases.TC_001_LoginTest@490caf5f]" started-at="2021-08-29T10:10:58Z" name="tearDown" finished-at="2021-08-29T10:10:59Z" duration-ms="925" status="PASS">
          <reporter-output>
          </reporter-output>
        </test-method> <!-- tearDown -->
      </class> <!-- testcases.TC_001_LoginTest -->
    </test> <!-- Default test -->
  </suite> <!-- Default suite -->
</testng-results>
