<?xml version="1.0" encoding="UTF-8"?>
<testng-results ignored="7" total="8" passed="1" failed="0" skipped="0">
  <reporter-output>
  </reporter-output>
  <suite started-at="2021-08-31T08:19:35Z" name="Suite" finished-at="2021-08-31T08:19:48Z" duration-ms="13075">
    <groups>
    </groups>
    <test started-at="2021-08-31T08:19:35Z" name="Amazon-IN-AUT" finished-at="2021-08-31T08:19:48Z" duration-ms="13075">
      <class name="testcases.TC_02_SearchSuggestions">
        <test-method is-config="true" signature="setup(java.lang.String)[pri:0, instance:testcases.TC_02_SearchSuggestions@35399441]" started-at="2021-08-31T08:19:35Z" name="setup" finished-at="2021-08-31T08:19:36Z" duration-ms="94" status="PASS">
          <params>
            <param index="0">
              <value>
                <![CDATA[chrome]]>
              </value>
            </param>
          </params>
          <reporter-output>
          </reporter-output>
        </test-method> <!-- setup -->
        <test-method is-config="true" signature="beforeEachTest()[pri:0, instance:testcases.TC_02_SearchSuggestions@35399441]" started-at="2021-08-31T08:19:36Z" name="beforeEachTest" finished-at="2021-08-31T08:19:43Z" duration-ms="7204" status="PASS">
          <reporter-output>
          </reporter-output>
        </test-method> <!-- beforeEachTest -->
        <test-method signature="verifySearchSuggestions()[pri:0, instance:testcases.TC_02_SearchSuggestions@35399441]" started-at="2021-08-31T08:19:43Z" name="verifySearchSuggestions" finished-at="2021-08-31T08:19:47Z" duration-ms="4257" status="PASS">
          <reporter-output>
          </reporter-output>
        </test-method> <!-- verifySearchSuggestions -->
        <test-method is-config="true" signature="afterEachTest()[pri:0, instance:testcases.TC_02_SearchSuggestions@35399441]" started-at="2021-08-31T08:19:47Z" name="afterEachTest" finished-at="2021-08-31T08:19:48Z" duration-ms="1141" status="PASS">
          <reporter-output>
          </reporter-output>
        </test-method> <!-- afterEachTest -->
        <test-method is-config="true" signature="tearDown()[pri:0, instance:testcases.TC_02_SearchSuggestions@35399441]" started-at="2021-08-31T08:19:48Z" name="tearDown" finished-at="2021-08-31T08:19:48Z" duration-ms="0" status="PASS">
          <reporter-output>
          </reporter-output>
        </test-method> <!-- tearDown -->
      </class> <!-- testcases.TC_02_SearchSuggestions -->
    </test> <!-- Amazon-IN-AUT -->
  </suite> <!-- Suite -->
</testng-results>
