<?xml version="1.0" encoding="UTF-8"?>
<testng-results ignored="15" total="16" passed="1" failed="0" skipped="0">
  <reporter-output>
  </reporter-output>
  <suite started-at="2021-09-10T09:31:58Z" name="Suite" finished-at="2021-09-10T09:32:33Z" duration-ms="35136">
    <groups>
    </groups>
    <test started-at="2021-09-10T09:31:58Z" name="Test" finished-at="2021-09-10T09:32:33Z" duration-ms="35136">
      <class name="testcases.TC_16_DealsPrevNextButtons">
        <test-method is-config="true" signature="setup(java.lang.String)[pri:0, instance:testcases.TC_16_DealsPrevNextButtons@f99f5e0]" started-at="2021-09-10T09:31:59Z" name="setup" finished-at="2021-09-10T09:31:59Z" duration-ms="77" status="PASS">
          <params>
            <param index="0">
              <value>
                <![CDATA[chrome]]>
              </value>
            </param>
          </params>
          <reporter-output>
          </reporter-output>
        </test-method> <!-- setup -->
        <test-method is-config="true" signature="beforeEachTest()[pri:0, instance:testcases.TC_16_DealsPrevNextButtons@f99f5e0]" started-at="2021-09-10T09:31:59Z" name="beforeEachTest" finished-at="2021-09-10T09:32:07Z" duration-ms="8017" status="PASS">
          <reporter-output>
          </reporter-output>
        </test-method> <!-- beforeEachTest -->
        <test-method signature="dealsPrevNextButtonsWorking()[pri:0, instance:testcases.TC_16_DealsPrevNextButtons@f99f5e0]" started-at="2021-09-10T09:32:07Z" name="dealsPrevNextButtonsWorking" description="Verify Carousel has PREVIOUS and NEXT buttons working" finished-at="2021-09-10T09:32:32Z" duration-ms="25136" status="PASS">
          <reporter-output>
          </reporter-output>
        </test-method> <!-- dealsPrevNextButtonsWorking -->
        <test-method is-config="true" signature="afterEachTest()[pri:0, instance:testcases.TC_16_DealsPrevNextButtons@f99f5e0]" started-at="2021-09-10T09:32:32Z" name="afterEachTest" finished-at="2021-09-10T09:32:33Z" duration-ms="1510" status="PASS">
          <reporter-output>
          </reporter-output>
        </test-method> <!-- afterEachTest -->
        <test-method is-config="true" signature="tearDown()[pri:0, instance:testcases.TC_16_DealsPrevNextButtons@f99f5e0]" started-at="2021-09-10T09:32:33Z" name="tearDown" finished-at="2021-09-10T09:32:33Z" duration-ms="1" status="PASS">
          <reporter-output>
          </reporter-output>
        </test-method> <!-- tearDown -->
      </class> <!-- testcases.TC_16_DealsPrevNextButtons -->
    </test> <!-- Test -->
  </suite> <!-- Suite -->
</testng-results>
