<?xml version="1.0" encoding="UTF-8"?>
<testng-results ignored="13" total="18" passed="5" failed="0" skipped="0">
  <reporter-output>
  </reporter-output>
  <suite started-at="2021-10-01T15:02:13Z" name="Suite" finished-at="2021-10-01T15:03:59Z" duration-ms="106016">
    <groups>
    </groups>
    <test started-at="2021-10-01T15:02:13Z" name="Test" finished-at="2021-10-01T15:03:59Z" duration-ms="106016">
      <class name="testcases.TC_18_ContactUsFunctionality">
        <test-method is-config="true" signature="setup(java.lang.String)[pri:0, instance:testcases.TC_18_ContactUsFunctionality@7357a011]" started-at="2021-10-01T15:03:16Z" name="setup" finished-at="2021-10-01T15:03:16Z" duration-ms="43" status="PASS">
          <params>
            <param index="0">
              <value>
                <![CDATA[chrome-headless]]>
              </value>
            </param>
          </params>
          <reporter-output>
          </reporter-output>
        </test-method> <!-- setup -->
        <test-method is-config="true" signature="beforeEachTest()[pri:0, instance:testcases.TC_18_ContactUsFunctionality@7357a011]" started-at="2021-10-01T15:03:16Z" name="beforeEachTest" finished-at="2021-10-01T15:03:26Z" duration-ms="9890" status="PASS">
          <reporter-output>
          </reporter-output>
        </test-method> <!-- beforeEachTest -->
        <test-method signature="contactUsFunctionality()[pri:0, instance:testcases.TC_18_ContactUsFunctionality@7357a011]" started-at="2021-10-01T15:03:26Z" name="contactUsFunctionality" description="Verify : All contact us options working" finished-at="2021-10-01T15:03:45Z" duration-ms="18553" status="PASS">
          <reporter-output>
          </reporter-output>
        </test-method> <!-- contactUsFunctionality -->
        <test-method is-config="true" signature="afterEachTest(org.testng.ITestResult)[pri:0, instance:testcases.TC_18_ContactUsFunctionality@7357a011]" started-at="2021-10-01T15:03:45Z" name="afterEachTest" finished-at="2021-10-01T15:03:45Z" duration-ms="1" status="PASS">
          <params>
            <param index="0">
              <value>
                <![CDATA[[TestResult name=contactUsFunctionality status=SUCCESS method=TC_18_ContactUsFunctionality.contactUsFunctionality()[pri:0, instance:testcases.TC_18_ContactUsFunctionality@7357a011] output={null}]]]>
              </value>
            </param>
          </params>
          <reporter-output>
          </reporter-output>
        </test-method> <!-- afterEachTest -->
      </class> <!-- testcases.TC_18_ContactUsFunctionality -->
      <class name="testcases.TC_14_VerifyAddToWishList">
        <test-method is-config="true" signature="setup(java.lang.String)[pri:0, instance:testcases.TC_14_VerifyAddToWishList@7e19ebf0]" started-at="2021-10-01T15:02:41Z" name="setup" finished-at="2021-10-01T15:02:41Z" duration-ms="41" status="PASS">
          <params>
            <param index="0">
              <value>
                <![CDATA[chrome-headless]]>
              </value>
            </param>
          </params>
          <reporter-output>
          </reporter-output>
        </test-method> <!-- setup -->
        <test-method is-config="true" signature="beforeEachTest()[pri:0, instance:testcases.TC_14_VerifyAddToWishList@7e19ebf0]" started-at="2021-10-01T15:02:41Z" name="beforeEachTest" finished-at="2021-10-01T15:02:52Z" duration-ms="11145" status="PASS">
          <reporter-output>
          </reporter-output>
        </test-method> <!-- beforeEachTest -->
        <test-method signature="verifyAddToWishList()[pri:0, instance:testcases.TC_14_VerifyAddToWishList@7e19ebf0]" started-at="2021-10-01T15:02:52Z" name="verifyAddToWishList" description="Verify : Add to Wish List" finished-at="2021-10-01T15:03:16Z" duration-ms="24164" status="PASS">
          <reporter-output>
          </reporter-output>
        </test-method> <!-- verifyAddToWishList -->
        <test-method is-config="true" signature="afterEachTest(org.testng.ITestResult)[pri:0, instance:testcases.TC_14_VerifyAddToWishList@7e19ebf0]" started-at="2021-10-01T15:03:16Z" name="afterEachTest" finished-at="2021-10-01T15:03:16Z" duration-ms="0" status="PASS">
          <params>
            <param index="0">
              <value>
                <![CDATA[[TestResult name=verifyAddToWishList status=SUCCESS method=TC_14_VerifyAddToWishList.verifyAddToWishList()[pri:0, instance:testcases.TC_14_VerifyAddToWishList@7e19ebf0] output={null}]]]>
              </value>
            </param>
          </params>
          <reporter-output>
          </reporter-output>
        </test-method> <!-- afterEachTest -->
      </class> <!-- testcases.TC_14_VerifyAddToWishList -->
      <class name="testcases.TC_04_LoginBlankId">
        <test-method is-config="true" signature="setup(java.lang.String)[pri:0, instance:testcases.TC_04_LoginBlankId@3e6f3f28]" started-at="2021-10-01T15:02:29Z" name="setup" finished-at="2021-10-01T15:02:29Z" duration-ms="50" status="PASS">
          <params>
            <param index="0">
              <value>
                <![CDATA[chrome-headless]]>
              </value>
            </param>
          </params>
          <reporter-output>
          </reporter-output>
        </test-method> <!-- setup -->
        <test-method is-config="true" signature="beforeEachTest()[pri:0, instance:testcases.TC_04_LoginBlankId@3e6f3f28]" started-at="2021-10-01T15:02:29Z" name="beforeEachTest" finished-at="2021-10-01T15:02:38Z" duration-ms="9117" status="PASS">
          <reporter-output>
          </reporter-output>
        </test-method> <!-- beforeEachTest -->
        <test-method signature="loginBlankId()[pri:0, instance:testcases.TC_04_LoginBlankId@3e6f3f28]" started-at="2021-10-01T15:02:38Z" name="loginBlankId" description="Verify : Login with fields blank" finished-at="2021-10-01T15:02:41Z" duration-ms="3205" status="PASS">
          <reporter-output>
          </reporter-output>
        </test-method> <!-- loginBlankId -->
        <test-method is-config="true" signature="afterEachTest(org.testng.ITestResult)[pri:0, instance:testcases.TC_04_LoginBlankId@3e6f3f28]" started-at="2021-10-01T15:02:41Z" name="afterEachTest" finished-at="2021-10-01T15:02:41Z" duration-ms="0" status="PASS">
          <params>
            <param index="0">
              <value>
                <![CDATA[[TestResult name=loginBlankId status=SUCCESS method=TC_04_LoginBlankId.loginBlankId()[pri:0, instance:testcases.TC_04_LoginBlankId@3e6f3f28] output={null}]]]>
              </value>
            </param>
          </params>
          <reporter-output>
          </reporter-output>
        </test-method> <!-- afterEachTest -->
      </class> <!-- testcases.TC_04_LoginBlankId -->
      <class name="testcases.TC_01_LoginValid">
        <test-method is-config="true" signature="setup(java.lang.String)[pri:0, instance:testcases.TC_01_LoginValid@30bce90b]" started-at="2021-10-01T15:02:13Z" name="setup" finished-at="2021-10-01T15:02:13Z" duration-ms="90" status="PASS">
          <params>
            <param index="0">
              <value>
                <![CDATA[chrome-headless]]>
              </value>
            </param>
          </params>
          <reporter-output>
          </reporter-output>
        </test-method> <!-- setup -->
        <test-method is-config="true" signature="beforeEachTest()[pri:0, instance:testcases.TC_01_LoginValid@30bce90b]" started-at="2021-10-01T15:02:13Z" name="beforeEachTest" finished-at="2021-10-01T15:02:21Z" duration-ms="7647" status="PASS">
          <reporter-output>
          </reporter-output>
        </test-method> <!-- beforeEachTest -->
        <test-method signature="loginValid()[pri:0, instance:testcases.TC_01_LoginValid@30bce90b]" started-at="2021-10-01T15:02:21Z" name="loginValid" description="Verify : Login with valid credentials" finished-at="2021-10-01T15:02:29Z" duration-ms="7684" status="PASS">
          <reporter-output>
          </reporter-output>
        </test-method> <!-- loginValid -->
        <test-method is-config="true" signature="afterEachTest(org.testng.ITestResult)[pri:0, instance:testcases.TC_01_LoginValid@30bce90b]" started-at="2021-10-01T15:02:29Z" name="afterEachTest" finished-at="2021-10-01T15:02:29Z" duration-ms="1" status="PASS">
          <params>
            <param index="0">
              <value>
                <![CDATA[[TestResult name=loginValid status=SUCCESS method=TC_01_LoginValid.loginValid()[pri:0, instance:testcases.TC_01_LoginValid@30bce90b] output={null}]]]>
              </value>
            </param>
          </params>
          <reporter-output>
          </reporter-output>
        </test-method> <!-- afterEachTest -->
      </class> <!-- testcases.TC_01_LoginValid -->
      <class name="testcases.TC_15_VerifyDailyDealsCardDisplay">
        <test-method is-config="true" signature="setup(java.lang.String)[pri:0, instance:testcases.TC_15_VerifyDailyDealsCardDisplay@2474f125]" started-at="2021-10-01T15:03:45Z" name="setup" finished-at="2021-10-01T15:03:45Z" duration-ms="49" status="PASS">
          <params>
            <param index="0">
              <value>
                <![CDATA[chrome-headless]]>
              </value>
            </param>
          </params>
          <reporter-output>
          </reporter-output>
        </test-method> <!-- setup -->
        <test-method is-config="true" signature="beforeEachTest()[pri:0, instance:testcases.TC_15_VerifyDailyDealsCardDisplay@2474f125]" started-at="2021-10-01T15:03:45Z" name="beforeEachTest" finished-at="2021-10-01T15:03:58Z" duration-ms="13116" status="PASS">
          <reporter-output>
          </reporter-output>
        </test-method> <!-- beforeEachTest -->
        <test-method signature="VerifyDailyDealsCardDisplay()[pri:0, instance:testcases.TC_15_VerifyDailyDealsCardDisplay@2474f125]" started-at="2021-10-01T15:03:58Z" name="VerifyDailyDealsCardDisplay" description="Verify : Daily deals cards are displaying on Home page" finished-at="2021-10-01T15:03:59Z" duration-ms="839" status="PASS">
          <reporter-output>
          </reporter-output>
        </test-method> <!-- VerifyDailyDealsCardDisplay -->
        <test-method is-config="true" signature="afterEachTest(org.testng.ITestResult)[pri:0, instance:testcases.TC_15_VerifyDailyDealsCardDisplay@2474f125]" started-at="2021-10-01T15:03:59Z" name="afterEachTest" finished-at="2021-10-01T15:03:59Z" duration-ms="0" status="PASS">
          <params>
            <param index="0">
              <value>
                <![CDATA[[TestResult name=VerifyDailyDealsCardDisplay status=SUCCESS method=TC_15_VerifyDailyDealsCardDisplay.VerifyDailyDealsCardDisplay()[pri:0, instance:testcases.TC_15_VerifyDailyDealsCardDisplay@2474f125] output={null}]]]>
              </value>
            </param>
          </params>
          <reporter-output>
          </reporter-output>
        </test-method> <!-- afterEachTest -->
      </class> <!-- testcases.TC_15_VerifyDailyDealsCardDisplay -->
    </test> <!-- Test -->
  </suite> <!-- Suite -->
</testng-results>
