<?xml version="1.0" encoding="UTF-8"?>
<testng-results ignored="16" total="17" passed="1" failed="0" skipped="0">
  <reporter-output>
  </reporter-output>
  <suite started-at="2021-09-12T16:55:54Z" name="Suite" finished-at="2021-09-12T16:56:08Z" duration-ms="14242">
    <groups>
    </groups>
    <test started-at="2021-09-12T16:55:54Z" name="Test" finished-at="2021-09-12T16:56:08Z" duration-ms="14242">
      <class name="testcases.TC_CustomerServicePageDesiredOptions">
        <test-method is-config="true" signature="setup(java.lang.String)[pri:0, instance:testcases.TC_CustomerServicePageDesiredOptions@30bce90b]" started-at="2021-09-12T16:55:54Z" name="setup" finished-at="2021-09-12T16:55:54Z" duration-ms="85" status="PASS">
          <params>
            <param index="0">
              <value>
                <![CDATA[chrome]]>
              </value>
            </param>
          </params>
          <reporter-output>
          </reporter-output>
        </test-method> <!-- setup -->
        <test-method is-config="true" signature="beforeEachTest()[pri:0, instance:testcases.TC_CustomerServicePageDesiredOptions@30bce90b]" started-at="2021-09-12T16:55:54Z" name="beforeEachTest" finished-at="2021-09-12T16:56:02Z" duration-ms="7811" status="PASS">
          <reporter-output>
          </reporter-output>
        </test-method> <!-- beforeEachTest -->
        <test-method signature="customerServicePageDesiredOptions()[pri:0, instance:testcases.TC_CustomerServicePageDesiredOptions@30bce90b]" started-at="2021-09-12T16:56:02Z" name="customerServicePageDesiredOptions" description="Verify all desired options present on Customer Service page." finished-at="2021-09-12T16:56:07Z" duration-ms="4454" status="PASS">
          <reporter-output>
          </reporter-output>
        </test-method> <!-- customerServicePageDesiredOptions -->
        <test-method is-config="true" signature="afterEachTest()[pri:0, instance:testcases.TC_CustomerServicePageDesiredOptions@30bce90b]" started-at="2021-09-12T16:56:07Z" name="afterEachTest" finished-at="2021-09-12T16:56:08Z" duration-ms="1549" status="PASS">
          <reporter-output>
          </reporter-output>
        </test-method> <!-- afterEachTest -->
        <test-method is-config="true" signature="tearDown()[pri:0, instance:testcases.TC_CustomerServicePageDesiredOptions@30bce90b]" started-at="2021-09-12T16:56:08Z" name="tearDown" finished-at="2021-09-12T16:56:08Z" duration-ms="1" status="PASS">
          <reporter-output>
          </reporter-output>
        </test-method> <!-- tearDown -->
      </class> <!-- testcases.TC_CustomerServicePageDesiredOptions -->
    </test> <!-- Test -->
  </suite> <!-- Suite -->
</testng-results>
